1520600903657	geckodriver	INFO	geckodriver 0.19.1
1520600903663	geckodriver	INFO	Listening on 127.0.0.1:57736
1520600906741	mozrunner::runner	INFO	Running command: "C:\\Program Files (x86)\\Mozilla Firefox\\firefox.exe" "-marionette" "-profile" "C:\\Users\\timfi\\AppData\\Local\\Temp\\rust_mozprofile.z1bi9AqZ8XR2"
1520600907783	Marionette	INFO	Enabled via --marionette
1520600909447	Marionette	INFO	Listening on port 57752
1520600909854	Marionette	WARN	TLS certificate errors will be ignored for this session
Unable to read VR Path Registry from C:\Users\timfi\AppData\Local\openvr\openvrpaths.vrpath
[Child 6288, Chrome_ChildThread] WARNING: pipe error: 109: file z:/build/build/src/ipc/chromium/src/chrome/common/ipc_channel_win.cc, line 346
[Child 6288, Chrome_ChildThread] WARNING: pipe error: 109: file z:/build/build/src/ipc/chromium/src/chrome/common/ipc_channel_win.cc, line 346
Unable to read VR Path Registry from C:\Users\timfi\AppData\Local\openvr\openvrpaths.vrpath
[Child 9940, Chrome_ChildThread] WARNING: pipe error: 109: file z:/build/build/src/ipc/chromium/src/chrome/common/ipc_channel_win.cc, line 346

###!!! [Child][MessageChannel::SendAndWait] Error: Channel error: cannot send/recv

Unable to read VR Path Registry from C:\Users\timfi\AppData\Local\openvr\openvrpaths.vrpath
\AppData\Local\openvr\openvrpaths.vrpath
[Child 6912, Chrome_ChildThread] WARNING: pipe error: 109: file z:/build/build/src/ipc/chromium/src/chrome/common/ipc_channel_win.cc, line 346
Unable to read VR Path Registry from C:\Users\timfi\AppData\Local\openvr\openvrpaths.vrpath
[Child 15896, Chrome_ChildThread] WARNING: pipe error: 109: file z:/build/build/src/ipc/chromium/src/chrome/common/ipc_channel_win.cc, line 346
[Child 15896, Chrome_ChildThread] WARNING: pipe error: 109: file z:/build/build/src/ipc/chromium/src/chrome/common/ipc_channel_win.cc, line 346
*** UTM:SVC TimerManager:registerTimer called after profile-before-change notification. Ignoring timer registration for id: telemetry_modules_ping

###!!! [Child][MessageChannel::SendAndWait] Error: Channel error: cannot send/recv

1520601355661	geckodriver	INFO	geckodriver 0.19.1
1520601355666	geckodriver	INFO	Listening on 127.0.0.1:58161
1520601358769	mozrunner::runner	INFO	Running command: "C:\\Program Files (x86)\\Mozilla Firefox\\firefox.exe" "-marionette" "-profile" "C:\\Users\\timfi\\AppData\\Local\\Temp\\rust_mozprofile.qntO5bdfwVns"
1520601359309	Marionette	INFO	Enabled via --marionette
1520601360203	Marionette	INFO	Listening on port 58171
1520601360292	Marionette	WARN	TLS certificate errors will be ignored for this session
Unable to read VR Path Registry from C:\Users\timfi\AppData\Local\openvr\openvrpaths.vrpath
[Parent 5496, Gecko_IOThread] WARNING: pipe error: 109: file z:/build/build/src/ipc/chromium/src/chrome/common/ipc_channel_win.cc, line 346
1520601370096	geckodriver	INFO	geckodriver 0.19.1
1520601370101	geckodriver	INFO	Listening on 127.0.0.1:58216
1520601373164	mozrunner::runner	INFO	Running command: "C:\\Program Files (x86)\\Mozilla Firefox\\firefox.exe" "-marionette" "-profile" "C:\\Users\\timfi\\AppData\\Local\\Temp\\rust_mozprofile.wkNhF19Ybaje"
1520601373708	Marionette	INFO	Enabled via --marionette
1520601374597	Marionette	INFO	Listening on port 58224
1520601374684	Marionette	WARN	TLS certificate errors will be ignored for this session
Unable to read VR Path Registry from C:\Users\timfi\AppData\Local\openvr\openvrpaths.vrpath
[Parent 19124, Gecko_IOThread] WARNING: pipe error: 109: file z:/build/build/src/ipc/chromium/src/chrome/common/ipc_channel_win.cc, line 346
1520601447681	geckodriver	INFO	geckodriver 0.19.1
1520601447686	geckodriver	INFO	Listening on 127.0.0.1:59678
1520601450780	mozrunner::runner	INFO	Running command: "C:\\Program Files (x86)\\Mozilla Firefox\\firefox.exe" "-marionette" "-profile" "C:\\Users\\timfi\\AppData\\Local\\Temp\\rust_mozprofile.dViL9EhmX4NO"
1520601451151	Marionette	INFO	Enabled via --marionette
1520601452066	Marionette	INFO	Listening on port 59686
1520601452287	Marionette	WARN	TLS certificate errors will be ignored for this session
Unable to read VR Path Registry from C:\Users\timfi\AppData\Local\openvr\openvrpaths.vrpath
[Child 18876, Chrome_ChildThread] WARNING: pipe error: 109: file z:/build/build/src/ipc/chromium/src/chrome/common/ipc_channel_win.cc, line 346
[Child 18876, Chrome_ChildThread] WARNING: pipe error: 109: file z:/build/build/src/ipc/chromium/src/chrome/common/ipc_channel_win.cc, line 346
Unable to read VR Path Registry from C:\Users\timfi\AppData\Local\openvr\openvrpaths.vrpath
[Child 17768, Chrome_ChildThread] WARNING: pipe error: 109: file z:/build/build/src/ipc/chromium/src/chrome/common/ipc_channel_win.cc, line 346
[Child 17768, Chrome_ChildThread] WARNING: pipe error: 109: file z:/build/build/src/ipc/chromium/src/chrome/common/ipc_channel_win.cc, line 346
*** UTM:SVC TimerManager:registerTimer called after profile-before-change notification. Ignoring timer registration for id: telemetry_modules_ping

###!!! [Child][MessageChannel::SendAndWait] Error: Channel error: cannot send/recv

Unable to read VR Path Registry from C:\Users\timfi\AppData\Local\openvr\openvrpaths.vrpath
1520601627107	geckodriver	INFO	geckodriver 0.19.1
1520601627111	geckodriver	INFO	Listening on 127.0.0.1:57228
1520601630177	mozrunner::runner	INFO	Running command: "C:\\Program Files (x86)\\Mozilla Firefox\\firefox.exe" "-marionette" "-profile" "C:\\Users\\timfi\\AppData\\Local\\Temp\\rust_mozprofile.QS4fIvi1r12n"
1520601630735	Marionette	INFO	Enabled via --marionette
1520601631708	Marionette	INFO	Listening on port 57236
1520601632183	Marionette	WARN	TLS certificate errors will be ignored for this session
Unable to read VR Path Registry from C:\Users\timfi\AppData\Local\openvr\openvrpaths.vrpath
[Parent 1732, Gecko_IOThread] WARNING: pipe error: 109: file z:/build/build/src/ipc/chromium/src/chrome/common/ipc_channel_win.cc, line 346
[Parent 1732, Gecko_IOThread] WARNING: pipe error: 109: file z:/build/build/src/ipc/chromium/src/chrome/common/ipc_channel_win.cc, line 346
Unable to read VR Path Registry from C:\Users\timfi\AppData\Local\openvr\openvrpaths.vrpath
[Child 936, Chrome_ChildThread] WARNING: pipe error: 109: file z:/build/build/src/ipc/chromium/src/chrome/common/ipc_channel_win.cc, line 346
[Child 936, Chrome_ChildThread] WARNING: pipe error: 109: file z:/build/build/src/ipc/chromium/src/chrome/common/ipc_channel_win.cc, line 346
Unable to read VR Path Registry from C:\Users\timfi\AppData\Local\openvr\openvrpaths.vrpath
[Child 15524, Chrome_ChildThread] WARNING: pipe error: 109: file z:/build/build/src/ipc/chromium/src/chrome/common/ipc_channel_win.cc, line 346
[Child 15524, Chrome_ChildThread] WARNING: pipe error: 109: file z:/build/build/src/ipc/chromium/src/chrome/common/ipc_channel_win.cc, line 346
*** UTM:SVC TimerManager:registerTimer called after profile-before-change notification. Ignoring timer registration for id: telemetry_modules_ping

###!!! [Child][MessageChannel::SendAndWait] Error: Channel error: cannot send/recv

1520601778985	geckodriver	INFO	geckodriver 0.19.1
1520601778990	geckodriver	INFO	Listening on 127.0.0.1:62986
1520601782077	mozrunner::runner	INFO	Running command: "C:\\Program Files (x86)\\Mozilla Firefox\\firefox.exe" "-marionette" "-profile" "C:\\Users\\timfi\\AppData\\Local\\Temp\\rust_mozprofile.z3SpwwxGZ04y"
1520601782602	Marionette	INFO	Enabled via --marionette
[GFX1-]: GFX: D3D11 detected a device reset in Present
[GFX1-]: D3D11 swap chain failed to present: 0x887a0005
[GFX1-]: D3D11 swap chain failed to present: 0x887a0005
1520601785625	Marionette	INFO	Listening on port 62994
1520601785690	Marionette	WARN	TLS certificate errors will be ignored for this session
Unable to read VR Path Registry from C:\Users\timfi\AppData\Local\openvr\openvrpaths.vrpath
[Child 8528, Chrome_ChildThread] WARNING: pipe error: 109: file z:/build/build/src/ipc/chromium/src/chrome/common/ipc_channel_win.cc, line 346
[Child 8528, Chrome_ChildThread] WARNING: pipe error: 109: file z:/build/build/src/ipc/chromium/src/chrome/common/ipc_channel_win.cc, line 346
Unable to read VR Path Registry from C:\Users\timfi\AppData\Local\openvr\openvrpaths.vrpath
[Child 7904, Chrome_ChildThread] WARNING: pipe error: 109: file z:/build/build/src/ipc/chromium/src/chrome/common/ipc_channel_win.cc, line 346
[Child 7904, Chrome_ChildThread] WARNING: pipe error: 109: file z:/build/build/src/ipc/chromium/src/chrome/common/ipc_channel_win.cc, line 346
Unable to read VR Path Registry from C:\Users\timfi\AppData\Local\openvr\openvrpaths.vrpath
[Child 20380, Chrome_ChildThread] WARNING: pipe error: 109: file z:/build/build/src/ipc/chromium/src/chrome/common/ipc_channel_win.cc, line 346
[Child 20380, Chrome_ChildThread] WARNING: pipe error: 109: file z:/build/build/src/ipc/chromium/src/chrome/common/ipc_channel_win.cc, line 346
*** UTM:SVC TimerManager:registerTimer called after profile-before-change notification. Ignoring timer registration for id: telemetry_modules_ping

###!!! [Child][MessageChannel::SendAndWait] Error: Channel error: cannot send/recv

Unable to read VR Path Registry from C:\Users\timfi\AppData\Local\openvr\openvrpaths.vrpath
1520601839455	geckodriver	INFO	geckodriver 0.19.1
1520601839460	geckodriver	INFO	Listening on 127.0.0.1:55108
1520601842529	mozrunner::runner	INFO	Running command: "C:\\Program Files (x86)\\Mozilla Firefox\\firefox.exe" "-marionette" "-profile" "C:\\Users\\timfi\\AppData\\Local\\Temp\\rust_mozprofile.wF5yzVG3cbEm"
1520601842885	Marionette	INFO	Enabled via --marionette
1520601843795	Marionette	INFO	Listening on port 55116
1520601844037	Marionette	WARN	TLS certificate errors will be ignored for this session
Unable to read VR Path Registry from C:\Users\timfi\AppData\Local\openvr\openvrpaths.vrpath
[Parent 2332, Gecko_IOThread] WARNING: pipe error: 109: file z:/build/build/src/ipc/chromium/src/chrome/common/ipc_channel_win.cc, line 346
1520602030368	geckodriver	INFO	geckodriver 0.19.1
1520602030373	geckodriver	INFO	Listening on 127.0.0.1:55184
1520602033430	mozrunner::runner	INFO	Running command: "C:\\Program Files (x86)\\Mozilla Firefox\\firefox.exe" "-marionette" "-profile" "C:\\Users\\timfi\\AppData\\Local\\Temp\\rust_mozprofile.UeIenj5kx8Wv"
1520602033800	Marionette	INFO	Enabled via --marionette
1520602034737	Marionette	INFO	Listening on port 55192
1520602034936	Marionette	WARN	TLS certificate errors will be ignored for this session
1520602158968	geckodriver	INFO	geckodriver 0.19.1
1520602158973	geckodriver	INFO	Listening on 127.0.0.1:55272
1520602162050	mozrunner::runner	INFO	Running command: "C:\\Program Files (x86)\\Mozilla Firefox\\firefox.exe" "-marionette" "-profile" "C:\\Users\\timfi\\AppData\\Local\\Temp\\rust_mozprofile.KFUiEAKkfAyb"
1520602162421	Marionette	INFO	Enabled via --marionette
1520602163319	Marionette	INFO	Listening on port 55280
1520602163558	Marionette	WARN	TLS certificate errors will be ignored for this session
Unable to read VR Path Registry from C:\Users\timfi\AppData\Local\openvr\openvrpaths.vrpath
[Parent 20120, Gecko_IOThread] WARNING: pipe error: 109: file z:/build/build/src/ipc/chromium/src/chrome/common/ipc_channel_win.cc, line 346
1520602214979	geckodriver	INFO	geckodriver 0.19.1
1520602214984	geckodriver	INFO	Listening on 127.0.0.1:55330
1520602218068	mozrunner::runner	INFO	Running command: "C:\\Program Files (x86)\\Mozilla Firefox\\firefox.exe" "-marionette" "-profile" "C:\\Users\\timfi\\AppData\\Local\\Temp\\rust_mozprofile.GKSRRCbIInTG"
1520602218422	Marionette	INFO	Enabled via --marionette
1520602219295	Marionette	INFO	Listening on port 55338
1520602219577	Marionette	WARN	TLS certificate errors will be ignored for this session
1520602239600	geckodriver	INFO	geckodriver 0.19.1
1520602239605	geckodriver	INFO	Listening on 127.0.0.1:55380
1520602242706	mozrunner::runner	INFO	Running command: "C:\\Program Files (x86)\\Mozilla Firefox\\firefox.exe" "-marionette" "-profile" "C:\\Users\\timfi\\AppData\\Local\\Temp\\rust_mozprofile.wIb1RA4bwPjm"
1520602243078	Marionette	INFO	Enabled via --marionette
1520602243949	Marionette	INFO	Listening on port 55388
1520602244214	Marionette	WARN	TLS certificate errors will be ignored for this session
1520602319946	geckodriver	INFO	geckodriver 0.19.1
1520602319952	geckodriver	INFO	Listening on 127.0.0.1:54320
1520602323048	mozrunner::runner	INFO	Running command: "C:\\Program Files (x86)\\Mozilla Firefox\\firefox.exe" "-marionette" "-profile" "C:\\Users\\timfi\\AppData\\Local\\Temp\\rust_mozprofile.aRc84dpHaAx1"
1520602323419	Marionette	INFO	Enabled via --marionette
1520602324339	Marionette	INFO	Listening on port 54328
1520602324556	Marionette	WARN	TLS certificate errors will be ignored for this session
Unable to read VR Path Registry from C:\Users\timfi\AppData\Local\openvr\openvrpaths.vrpath
[Parent 20116, Gecko_IOThread] WARNING: pipe error: 109: file z:/build/build/src/ipc/chromium/src/chrome/common/ipc_channel_win.cc, line 346
1520602354906	geckodriver	INFO	geckodriver 0.19.1
1520602354912	geckodriver	INFO	Listening on 127.0.0.1:54383
1520602357992	mozrunner::runner	INFO	Running command: "C:\\Program Files (x86)\\Mozilla Firefox\\firefox.exe" "-marionette" "-profile" "C:\\Users\\timfi\\AppData\\Local\\Temp\\rust_mozprofile.ak3SUJW5GHQ1"
1520602358355	Marionette	INFO	Enabled via --marionette
1520602359258	Marionette	INFO	Listening on port 54391
1520602359499	Marionette	WARN	TLS certificate errors will be ignored for this session
Unable to read VR Path Registry from C:\Users\timfi\AppData\Local\openvr\openvrpaths.vrpath
[Parent 10936, Gecko_IOThread] WARNING: pipe error: 109: file z:/build/build/src/ipc/chromium/src/chrome/common/ipc_channel_win.cc, line 346
1520602411468	geckodriver	INFO	geckodriver 0.19.1
1520602411473	geckodriver	INFO	Listening on 127.0.0.1:54453
1520602414570	mozrunner::runner	INFO	Running command: "C:\\Program Files (x86)\\Mozilla Firefox\\firefox.exe" "-marionette" "-profile" "C:\\Users\\timfi\\AppData\\Local\\Temp\\rust_mozprofile.WAsOgqxoYVow"
1520602414940	Marionette	INFO	Enabled via --marionette
1520602415859	Marionette	INFO	Listening on port 54461
1520602416076	Marionette	WARN	TLS certificate errors will be ignored for this session
Unable to read VR Path Registry from C:\Users\timfi\AppData\Local\openvr\openvrpaths.vrpath
[Parent 196, Gecko_IOThread] WARNING: pipe error: 109: file z:/build/build/src/ipc/chromium/src/chrome/common/ipc_channel_win.cc, line 346
1520602465581	geckodriver	INFO	geckodriver 0.19.1
1520602465586	geckodriver	INFO	Listening on 127.0.0.1:54507
1520602475739	geckodriver	INFO	geckodriver 0.19.1
1520602475746	geckodriver	INFO	Listening on 127.0.0.1:54511
1520602478829	mozrunner::runner	INFO	Running command: "C:\\Program Files (x86)\\Mozilla Firefox\\firefox.exe" "-marionette" "-profile" "C:\\Users\\timfi\\AppData\\Local\\Temp\\rust_mozprofile.KUcSUVSv4XpN"
1520602479211	Marionette	INFO	Enabled via --marionette
1520602480108	Marionette	INFO	Listening on port 54519
1520602480336	Marionette	WARN	TLS certificate errors will be ignored for this session
Unable to read VR Path Registry from C:\Users\timfi\AppData\Local\openvr\openvrpaths.vrpath
[Parent 4236, Gecko_IOThread] WARNING: pipe error: 109: file z:/build/build/src/ipc/chromium/src/chrome/common/ipc_channel_win.cc, line 346
1520602776169	geckodriver	INFO	geckodriver 0.19.1
1520602776174	geckodriver	INFO	Listening on 127.0.0.1:54598
1520602779247	mozrunner::runner	INFO	Running command: "C:\\Program Files (x86)\\Mozilla Firefox\\firefox.exe" "-marionette" "-profile" "C:\\Users\\timfi\\AppData\\Local\\Temp\\rust_mozprofile.HQnScQXLYojr"
1520602779639	Marionette	INFO	Enabled via --marionette
1520602780578	Marionette	INFO	Listening on port 54606
1520602780761	Marionette	WARN	TLS certificate errors will be ignored for this session
Unable to read VR Path Registry from C:\Users\timfi\AppData\Local\openvr\openvrpaths.vrpath
[Parent 10312, Gecko_IOThread] WARNING: pipe error: 109: file z:/build/build/src/ipc/chromium/src/chrome/common/ipc_channel_win.cc, line 346
[Parent 10312, Gecko_IOThread] WARNING: pipe error: 109: file z:/build/build/src/ipc/chromium/src/chrome/common/ipc_channel_win.cc, line 346
Unable to read VR Path Registry from C:\Users\timfi\AppData\Local\openvr\openvrpaths.vrpath
[Child 20188, Chrome_ChildThread] WARNING: pipe error: 109: file z:/build/build/src/ipc/chromium/src/chrome/common/ipc_channel_win.cc, line 346
[Child 20188, Chrome_ChildThread] WARNING: pipe error: 109: file z:/build/build/src/ipc/chromium/src/chrome/common/ipc_channel_win.cc, line 346
Unable to read VR Path Registry from C:\Users\timfi\AppData\Local\openvr\openvrpaths.vrpath
[Child 20644, Chrome_ChildThread] WARNING: pipe error: 109: file z:/build/build/src/ipc/chromium/src/chrome/common/ipc_channel_win.cc, line 346
[Child 20644, Chrome_ChildThread] WARNING: pipe error: 109: file z:/build/build/src/ipc/chromium/src/chrome/common/ipc_channel_win.cc, line 346
Unable to read VR Path Registry from C:\Users\timfi\AppData\Local\openvr\openvrpaths.vrpath
[Child 15828, Chrome_ChildThread] WARNING: pipe error: 109: file z:/build/build/src/ipc/chromium/src/chrome/common/ipc_channel_win.cc, line 346
[Child 15828, Chrome_ChildThread] WARNING: pipe error: 109: file z:/build/build/src/ipc/chromium/src/chrome/common/ipc_channel_win.cc, line 346
*** UTM:SVC TimerManager:registerTimer called after profile-before-change notification. Ignoring timer registration for id: telemetry_modules_ping

###!!! [Child][MessageChannel::SendAndWait] Error: Channel error: cannot send/recv

1520602814767	geckodriver	INFO	geckodriver 0.19.1
1520602814772	geckodriver	INFO	Listening on 127.0.0.1:56172
1520602817838	mozrunner::runner	INFO	Running command: "C:\\Program Files (x86)\\Mozilla Firefox\\firefox.exe" "-marionette" "-profile" "C:\\Users\\timfi\\AppData\\Local\\Temp\\rust_mozprofile.33aAxHIDrDlP"
1520602818192	Marionette	INFO	Enabled via --marionette
1520602819047	Marionette	INFO	Listening on port 56181
1520602819352	Marionette	WARN	TLS certificate errors will be ignored for this session
1520602914161	geckodriver	INFO	geckodriver 0.19.1
1520602914166	geckodriver	INFO	Listening on 127.0.0.1:56235
1520602917231	mozrunner::runner	INFO	Running command: "C:\\Program Files (x86)\\Mozilla Firefox\\firefox.exe" "-marionette" "-profile" "C:\\Users\\timfi\\AppData\\Local\\Temp\\rust_mozprofile.CGd4X1mWpbV5"
1520602917591	Marionette	INFO	Enabled via --marionette
1520602918463	Marionette	INFO	Listening on port 56243
1520602918736	Marionette	WARN	TLS certificate errors will be ignored for this session
Unable to read VR Path Registry from C:\Users\timfi\AppData\Local\openvr\openvrpaths.vrpath
[Parent 11244, Gecko_IOThread] WARNING: pipe error: 109: file z:/build/build/src/ipc/chromium/src/chrome/common/ipc_channel_win.cc, line 346
1520602952165	geckodriver	INFO	geckodriver 0.19.1
1520602952169	geckodriver	INFO	Listening on 127.0.0.1:56285
1520602955238	mozrunner::runner	INFO	Running command: "C:\\Program Files (x86)\\Mozilla Firefox\\firefox.exe" "-marionette" "-profile" "C:\\Users\\timfi\\AppData\\Local\\Temp\\rust_mozprofile.y17LXl83jsTE"
1520602955606	Marionette	INFO	Enabled via --marionette
1520602956494	Marionette	INFO	Listening on port 56293
1520602956744	Marionette	WARN	TLS certificate errors will be ignored for this session
1520603135058	geckodriver	INFO	geckodriver 0.19.1
1520603135063	geckodriver	INFO	Listening on 127.0.0.1:53023
1520603138165	mozrunner::runner	INFO	Running command: "C:\\Program Files (x86)\\Mozilla Firefox\\firefox.exe" "-marionette" "-profile" "C:\\Users\\timfi\\AppData\\Local\\Temp\\rust_mozprofile.xpKIhh3VMvHg"
1520603138536	Marionette	INFO	Enabled via --marionette
1520603139456	Marionette	INFO	Listening on port 53031
1520603139672	Marionette	WARN	TLS certificate errors will be ignored for this session
1520603573299	geckodriver	INFO	geckodriver 0.19.1
1520603573304	geckodriver	INFO	Listening on 127.0.0.1:63088
1520603576384	mozrunner::runner	INFO	Running command: "C:\\Program Files (x86)\\Mozilla Firefox\\firefox.exe" "-marionette" "-profile" "C:\\Users\\timfi\\AppData\\Local\\Temp\\rust_mozprofile.WnvKLMsoFroC"
1520603576762	Marionette	INFO	Enabled via --marionette
1520603577677	Marionette	INFO	Listening on port 63096
1520603577891	Marionette	WARN	TLS certificate errors will be ignored for this session
1520603606129	geckodriver	INFO	geckodriver 0.19.1
1520603606134	geckodriver	INFO	Listening on 127.0.0.1:60342
1520603609230	mozrunner::runner	INFO	Running command: "C:\\Program Files (x86)\\Mozilla Firefox\\firefox.exe" "-marionette" "-profile" "C:\\Users\\timfi\\AppData\\Local\\Temp\\rust_mozprofile.WVJtdUYUbua4"
1520603609599	Marionette	INFO	Enabled via --marionette
1520603610506	Marionette	INFO	Listening on port 60350
1520603610744	Marionette	WARN	TLS certificate errors will be ignored for this session
1520603657781	geckodriver	INFO	geckodriver 0.19.1
1520603657786	geckodriver	INFO	Listening on 127.0.0.1:55956
1520603660866	mozrunner::runner	INFO	Running command: "C:\\Program Files (x86)\\Mozilla Firefox\\firefox.exe" "-marionette" "-profile" "C:\\Users\\timfi\\AppData\\Local\\Temp\\rust_mozprofile.3chmqDYthgb6"
1520603661225	Marionette	INFO	Enabled via --marionette
1520603662113	Marionette	INFO	Listening on port 55964
1520603662373	Marionette	WARN	TLS certificate errors will be ignored for this session
1520603694418	geckodriver	INFO	geckodriver 0.19.1
1520603694423	geckodriver	INFO	Listening on 127.0.0.1:62547
1520603697491	mozrunner::runner	INFO	Running command: "C:\\Program Files (x86)\\Mozilla Firefox\\firefox.exe" "-marionette" "-profile" "C:\\Users\\timfi\\AppData\\Local\\Temp\\rust_mozprofile.Rf5hSegAHEgF"
1520603697856	Marionette	INFO	Enabled via --marionette
1520603698771	Marionette	INFO	Listening on port 62555
1520603699002	Marionette	WARN	TLS certificate errors will be ignored for this session
1520603726389	geckodriver	INFO	geckodriver 0.19.1
1520603726394	geckodriver	INFO	Listening on 127.0.0.1:62600
1520603729485	mozrunner::runner	INFO	Running command: "C:\\Program Files (x86)\\Mozilla Firefox\\firefox.exe" "-marionette" "-profile" "C:\\Users\\timfi\\AppData\\Local\\Temp\\rust_mozprofile.I2uyfneEDk6e"
1520603729845	Marionette	INFO	Enabled via --marionette
1520603730771	Marionette	INFO	Listening on port 62612
1520603730992	Marionette	WARN	TLS certificate errors will be ignored for this session
1520603798004	geckodriver	INFO	geckodriver 0.19.1
1520603798009	geckodriver	INFO	Listening on 127.0.0.1:54008
1520603801097	mozrunner::runner	INFO	Running command: "C:\\Program Files (x86)\\Mozilla Firefox\\firefox.exe" "-marionette" "-profile" "C:\\Users\\timfi\\AppData\\Local\\Temp\\rust_mozprofile.WE5ARzsFiLlR"
1520603801453	Marionette	INFO	Enabled via --marionette
1520603802350	Marionette	INFO	Listening on port 54016
1520603802603	Marionette	WARN	TLS certificate errors will be ignored for this session
1520603915562	geckodriver	INFO	geckodriver 0.19.1
1520603915567	geckodriver	INFO	Listening on 127.0.0.1:54087
1520603918630	mozrunner::runner	INFO	Running command: "C:\\Program Files (x86)\\Mozilla Firefox\\firefox.exe" "-marionette" "-profile" "C:\\Users\\timfi\\AppData\\Local\\Temp\\rust_mozprofile.KYchre0Sk9tN"
1520603918993	Marionette	INFO	Enabled via --marionette
1520603919898	Marionette	INFO	Listening on port 54095
1520603920137	Marionette	WARN	TLS certificate errors will be ignored for this session
Unable to read VR Path Registry from C:\Users\timfi\AppData\Local\openvr\openvrpaths.vrpath
[Parent 18760, Gecko_IOThread] WARNING: pipe error: 109: file z:/build/build/src/ipc/chromium/src/chrome/common/ipc_channel_win.cc, line 346
1520603969044	geckodriver	INFO	geckodriver 0.19.1
1520603969049	geckodriver	INFO	Listening on 127.0.0.1:54139
1520603972119	mozrunner::runner	INFO	Running command: "C:\\Program Files (x86)\\Mozilla Firefox\\firefox.exe" "-marionette" "-profile" "C:\\Users\\timfi\\AppData\\Local\\Temp\\rust_mozprofile.uE28CwxDWrN5"
1520603972476	Marionette	INFO	Enabled via --marionette
1520603973339	Marionette	INFO	Listening on port 54150
1520603973626	Marionette	WARN	TLS certificate errors will be ignored for this session
1520604032676	geckodriver	INFO	geckodriver 0.19.1
1520604032682	geckodriver	INFO	Listening on 127.0.0.1:60953
1520604035758	mozrunner::runner	INFO	Running command: "C:\\Program Files (x86)\\Mozilla Firefox\\firefox.exe" "-marionette" "-profile" "C:\\Users\\timfi\\AppData\\Local\\Temp\\rust_mozprofile.0iGej4qNmgcu"
1520604036123	Marionette	INFO	Enabled via --marionette
1520604036976	Marionette	INFO	Listening on port 60961
1520604037267	Marionette	WARN	TLS certificate errors will be ignored for this session
1520604093187	geckodriver	INFO	geckodriver 0.19.1
1520604093192	geckodriver	INFO	Listening on 127.0.0.1:53450
1520604096289	mozrunner::runner	INFO	Running command: "C:\\Program Files (x86)\\Mozilla Firefox\\firefox.exe" "-marionette" "-profile" "C:\\Users\\timfi\\AppData\\Local\\Temp\\rust_mozprofile.rJS9Jd18VxoZ"
1520604096667	Marionette	INFO	Enabled via --marionette
1520604097565	Marionette	INFO	Listening on port 53458
1520604097798	Marionette	WARN	TLS certificate errors will be ignored for this session
1520604148718	geckodriver	INFO	geckodriver 0.19.1
1520604148723	geckodriver	INFO	Listening on 127.0.0.1:53507
1520604151791	mozrunner::runner	INFO	Running command: "C:\\Program Files (x86)\\Mozilla Firefox\\firefox.exe" "-marionette" "-profile" "C:\\Users\\timfi\\AppData\\Local\\Temp\\rust_mozprofile.1r7v6FAHnDBj"
1520604152169	Marionette	INFO	Enabled via --marionette
1520604153111	Marionette	INFO	Listening on port 53516
1520604153297	Marionette	WARN	TLS certificate errors will be ignored for this session
1520604242814	geckodriver	INFO	geckodriver 0.19.1
1520604242820	geckodriver	INFO	Listening on 127.0.0.1:51539
1520604245898	mozrunner::runner	INFO	Running command: "C:\\Program Files (x86)\\Mozilla Firefox\\firefox.exe" "-marionette" "-profile" "C:\\Users\\timfi\\AppData\\Local\\Temp\\rust_mozprofile.gEC6H5SQV7zh"
1520604246255	Marionette	INFO	Enabled via --marionette
1520604247205	Marionette	INFO	Listening on port 51547
1520604247405	Marionette	WARN	TLS certificate errors will be ignored for this session
1520604273515	geckodriver	INFO	geckodriver 0.19.1
1520604273520	geckodriver	INFO	Listening on 127.0.0.1:51590
1520604276615	mozrunner::runner	INFO	Running command: "C:\\Program Files (x86)\\Mozilla Firefox\\firefox.exe" "-marionette" "-profile" "C:\\Users\\timfi\\AppData\\Local\\Temp\\rust_mozprofile.QdKiqSG1zqu6"
1520604277001	Marionette	INFO	Enabled via --marionette
1520604277904	Marionette	INFO	Listening on port 65441
1520604278121	Marionette	WARN	TLS certificate errors will be ignored for this session
1520604325270	geckodriver	INFO	geckodriver 0.19.1
1520604325275	geckodriver	INFO	Listening on 127.0.0.1:61997
1520604328362	mozrunner::runner	INFO	Running command: "C:\\Program Files (x86)\\Mozilla Firefox\\firefox.exe" "-marionette" "-profile" "C:\\Users\\timfi\\AppData\\Local\\Temp\\rust_mozprofile.DGE4K62HrKtp"
1520604328723	Marionette	INFO	Enabled via --marionette
1520604329607	Marionette	INFO	Listening on port 62005
1520604329868	Marionette	WARN	TLS certificate errors will be ignored for this session
Unable to read VR Path Registry from C:\Users\timfi\AppData\Local\openvr\openvrpaths.vrpath
[Parent 20172, Gecko_IOThread] WARNING: pipe error: 109: file z:/build/build/src/ipc/chromium/src/chrome/common/ipc_channel_win.cc, line 346
1520604398938	geckodriver	INFO	geckodriver 0.19.1
1520604398943	geckodriver	INFO	Listening on 127.0.0.1:62061
1520604402018	mozrunner::runner	INFO	Running command: "C:\\Program Files (x86)\\Mozilla Firefox\\firefox.exe" "-marionette" "-profile" "C:\\Users\\timfi\\AppData\\Local\\Temp\\rust_mozprofile.qROw0ZgbQN7f"
1520604402382	Marionette	INFO	Enabled via --marionette
1520604403286	Marionette	INFO	Listening on port 62070
1520604403527	Marionette	WARN	TLS certificate errors will be ignored for this session
Unable to read VR Path Registry from C:\Users\timfi\AppData\Local\openvr\openvrpaths.vrpath
[Parent 12548, Gecko_IOThread] WARNING: pipe error: 109: file z:/build/build/src/ipc/chromium/src/chrome/common/ipc_channel_win.cc, line 346
